<?xml version="1.0" encoding="UTF-8"?>
<!-- Generated by org.testng.reporters.JUnitReportReporter -->
<testsuite hostname="SIVANIKRITHIK" failures="0" tests="11" name="parallelTest.chromeTest" time="26.757" errors="0" timestamp="2023-07-05T22:42:06 EDT" skipped="0">
  <testcase classname="parallelTest.chromeTest" name="getsarted" time="2.995"/>
  <system-out/>
  <testcase classname="parallelTest.chromeTest" name="login" time="3.700"/>
  <system-out/>
  <testcase classname="parallelTest.chromeTest" name="datastructures" time="2.319"/>
  <system-out/>
  <testcase classname="parallelTest.chromeTest" name="arrays" time="2.789"/>
  <system-out/>
  <testcase classname="parallelTest.chromeTest" name="arrays_sm2" time="1.600"/>
  <system-out/>
  <testcase classname="parallelTest.chromeTest" name="arrays_sm1" time="2.146"/>
  <system-out/>
  <testcase classname="parallelTest.chromeTest" name="arrays_sm3" time="1.179"/>
  <system-out/>
  <testcase classname="parallelTest.chromeTest" name="arrays_PQ1" time="3.352"/>
  <system-out/>
  <testcase classname="parallelTest.chromeTest" name="arrays_PQ2" time="1.634"/>
  <system-out/>
  <testcase classname="parallelTest.chromeTest" name="arrays_PQ3" time="1.014"/>
  <system-out/>
  <testcase classname="parallelTest.chromeTest" name="arrays_PQ4" time="4.029"/>
  <system-out/>
</testsuite> <!-- parallelTest.chromeTest -->
