<?xml version="1.0" encoding="UTF-8"?>
<!-- Generated by org.testng.reporters.JUnitReportReporter -->
<testsuite hostname="SIVANIKRITHIK" failures="0" tests="11" name="parallelTest.EdgeTest" time="27.603" errors="0" timestamp="2023-07-05T22:42:06 EDT" skipped="0">
  <testcase classname="parallelTest.EdgeTest" name="getsarted" time="3.010"/>
  <system-out/>
  <testcase classname="parallelTest.EdgeTest" name="login" time="4.721"/>
  <system-out/>
  <testcase classname="parallelTest.EdgeTest" name="datastructures" time="3.254"/>
  <system-out/>
  <testcase classname="parallelTest.EdgeTest" name="arrays" time="2.757"/>
  <system-out/>
  <testcase classname="parallelTest.EdgeTest" name="arrays_sm1" time="2.225"/>
  <system-out/>
  <testcase classname="parallelTest.EdgeTest" name="arrays_sm2" time="1.127"/>
  <system-out/>
  <testcase classname="parallelTest.EdgeTest" name="arrays_sm3" time="1.099"/>
  <system-out/>
  <testcase classname="parallelTest.EdgeTest" name="arrays_PQ1" time="3.226"/>
  <system-out/>
  <testcase classname="parallelTest.EdgeTest" name="arrays_PQ2" time="1.179"/>
  <system-out/>
  <testcase classname="parallelTest.EdgeTest" name="arrays_PQ3" time="0.820"/>
  <system-out/>
  <testcase classname="parallelTest.EdgeTest" name="arrays_PQ4" time="4.185"/>
  <system-out/>
</testsuite> <!-- parallelTest.EdgeTest -->
