<?xml version="1.0" encoding="UTF-8"?>
<!-- Generated by org.testng.reporters.JUnitReportReporter -->
<testsuite hostname="SIVANIKRITHIK" failures="0" tests="2" name="parallelTest.parallel_test$ParallelTest" time="36.014" errors="0" timestamp="2023-07-05T22:45:51 EDT" skipped="0">
  <testcase classname="parallelTest.parallel_test$ParallelTest" name="testChrome" time="8.072"/>
  <system-out/>
  <testcase classname="parallelTest.parallel_test$ParallelTest" name="testFirefox" time="27.942"/>
  <system-out/>
</testsuite> <!-- parallelTest.parallel_test$ParallelTest -->
